<?xml version="1.0" encoding="UTF-8"?>
<testng-results ignored="0" total="1" passed="1" failed="0" skipped="0">
  <reporter-output>
    <line>
      <![CDATA[Ebay product search test sucessfull....]]>
    </line>
  </reporter-output>
  <suite started-at="2020-05-19T19:05:25 IST" name="Default suite" finished-at="2020-05-19T19:05:57 IST" duration-ms="31812">
    <groups>
    </groups>
    <test started-at="2020-05-19T19:05:25 IST" name="Default test" finished-at="2020-05-19T19:05:57 IST" duration-ms="31812">
      <class name="com.pac.www.DemoTest">
        <test-method signature="search()[pri:0, instance:com.pac.www.DemoTest@7ea37dbf]" started-at="2020-05-19T19:05:25 IST" name="search" finished-at="2020-05-19T19:05:57 IST" duration-ms="31635" status="PASS">
          <reporter-output>
            <line>
              <![CDATA[Ebay product search test sucessfull....]]>
            </line>
          </reporter-output>
        </test-method> <!-- search -->
      </class> <!-- com.pac.www.DemoTest -->
    </test> <!-- Default test -->
  </suite> <!-- Default suite -->
</testng-results>
